#
# There is insufficient memory for the Java Runtime Environment to continue.
# Native memory allocation (mmap) failed to map 132120576 bytes for G1 virtual space
# Possible reasons:
#   The system is out of physical RAM or swap space
#   The process is running with CompressedOops enabled, and the Java Heap may be blocking the growth of the native heap
# Possible solutions:
#   Reduce memory load on the system
#   Increase physical memory or swap space
#   Check if swap backing store is full
#   Decrease Java heap size (-Xmx/-Xms)
#   Decrease number of Java threads
#   Decrease Java thread stack sizes (-Xss)
#   Set larger code cache with -XX:ReservedCodeCacheSize=
#   JVM is running with Unscaled Compressed Oops mode in which the Java heap is
#     placed in the first 4GB address space. The Java Heap base address is the
#     maximum limit for the native heap growth. Please use -XX:HeapBaseMinAddress
#     to set the Java Heap base and to place the Java Heap above 4GB virtual address.
# This output file may be truncated or incomplete.
#
#  Out of Memory Error (os_windows.cpp:3548), pid=20132, tid=15168
#
# JRE version:  (17.0.11+7) (build )
# Java VM: Java HotSpot(TM) 64-Bit Server VM (17.0.11+7-LTS-207, mixed mode, emulated-client, sharing, tiered, compressed oops, compressed class ptrs, g1 gc, windows-amd64)
# No core dump will be written. Minidumps are not enabled by default on client versions of Windows
#

---------------  S U M M A R Y ------------

Command Line: -Dvisualvm.id=274280681081900 -XX:TieredStopAtLevel=1 -Dspring.output.ansi.enabled=always -Dcom.sun.management.jmxremote -Dspring.jmx.enabled=true -Dspring.liveBeansView.mbeanDomain -Dspring.application.admin.enabled=true -Dmanagement.endpoints.jmx.exposure.include=* -javaagent:D:\programfiles\IDEA2021\application\IntelliJ IDEA 2023.1\lib\idea_rt.jar=56899:D:\programfiles\IDEA2021\application\IntelliJ IDEA 2023.1\bin -Dfile.encoding=UTF-8 com.lin.backend_test.BackendTestApplication

Host: Intel(R) Core(TM) i7-10750H CPU @ 2.60GHz, 12 cores, 7G,  Windows 11 , 64 bit Build 22621 (10.0.22621.3958)
Time: Mon Aug 19 22:20:04 2024  Windows 11 , 64 bit Build 22621 (10.0.22621.3958) elapsed time: 0.017831 seconds (0d 0h 0m 0s)

---------------  T H R E A D  ---------------

Current thread (0x000001fa10e13120):  JavaThread "Unknown thread" [_thread_in_vm, id=15168, stack(0x000000172fa00000,0x000000172fb00000)]

Stack: [0x000000172fa00000,0x000000172fb00000]
Native frames: (J=compiled Java code, j=interpreted, Vv=VM code, C=native code)
V  [jvm.dll+0x679cca]
V  [jvm.dll+0x7da13d]
V  [jvm.dll+0x7dba83]
V  [jvm.dll+0x7dc0f3]
V  [jvm.dll+0x2449af]
V  [jvm.dll+0x676ce9]
V  [jvm.dll+0x66b852]
V  [jvm.dll+0x3018d6]
V  [jvm.dll+0x308e76]
V  [jvm.dll+0x3596ee]
V  [jvm.dll+0x35991f]
V  [jvm.dll+0x2d89a8]
V  [jvm.dll+0x2d9914]
V  [jvm.dll+0x7ac6b1]
V  [jvm.dll+0x366f61]
V  [jvm.dll+0x78b609]
V  [jvm.dll+0x3ec22f]
V  [jvm.dll+0x3ede61]
C  [jli.dll+0x5297]
C  [ucrtbase.dll+0x29333]
C  [KERNEL32.DLL+0x1257d]
C  [ntdll.dll+0x5af28]


---------------  P R O C E S S  ---------------

Threads class SMR info:
_java_thread_list=0x00007ffa1e647a18, length=0, elements={
}

Java Threads: ( => current thread )

Other Threads:
  0x000001fa10e6fe50 GCTaskThread "GC Thread#0" [stack: 0x000000172fb00000,0x000000172fc00000] [id=18948]
  0x000001fa10e80730 ConcurrentGCThread "G1 Main Marker" [stack: 0x000000172fc00000,0x000000172fd00000] [id=9504]
  0x000001fa10e817f0 ConcurrentGCThread "G1 Conc#0" [stack: 0x000000172fd00000,0x000000172fe00000] [id=15008]

[error occurred during error reporting (printing all threads), id 0xc0000005, EXCEPTION_ACCESS_VIOLATION (0xc0000005) at pc=0x00007ffa1de79497]

VM state: not at safepoint (not fully initialized)

VM Mutex/Monitor currently owned by a thread:  ([mutex/lock_event])
[0x000001fa10e0fed0] Heap_lock - owner thread: 0x000001fa10e13120

Heap address: 0x0000000082c00000, size: 2004 MB, Compressed Oops mode: 32-bit

CDS archive(s) mapped at: [0x0000000000000000-0x0000000000000000-0x0000000000000000), size 0, SharedBaseAddress: 0x0000000800000000, ArchiveRelocationMode: 1.
Narrow klass base: 0x0000000000000000, Narrow klass shift: 0, Narrow klass range: 0x0

GC Precious Log:
<Empty>

Heap:
 garbage-first heap   total 0K, used 0K [0x0000000082c00000, 0x0000000100000000)
  region size 1024K, 0 young (0K), 0 survivors (0K)

[error occurred during error reporting (printing heap information), id 0xc0000005, EXCEPTION_ACCESS_VIOLATION (0xc0000005) at pc=0x00007ffa1e263559]

GC Heap History (0 events):
No events

Deoptimization events (0 events):
No events

Classes unloaded (0 events):
No events

Classes redefined (0 events):
No events

Internal exceptions (0 events):
No events

VM Operations (0 events):
No events

Events (1 events):
Event: 0.010 Loaded shared library D:\programfiles\JDK17\application\bin\java.dll


Dynamic libraries:
0x00007ff61a3d0000 - 0x00007ff61a3e0000 	D:\programfiles\JDK17\application\bin\java.exe
0x00007ffa6b4d0000 - 0x00007ffa6b6e7000 	C:\WINDOWS\SYSTEM32\ntdll.dll
0x00007ffa69300000 - 0x00007ffa693c4000 	C:\WINDOWS\System32\KERNEL32.DLL
0x00007ffa687f0000 - 0x00007ffa68b9d000 	C:\WINDOWS\System32\KERNELBASE.dll
0x00007ffa68dc0000 - 0x00007ffa68ed1000 	C:\WINDOWS\System32\ucrtbase.dll
0x00007ffa40b60000 - 0x00007ffa40b79000 	D:\programfiles\JDK17\application\bin\jli.dll
0x00007ffa40b40000 - 0x00007ffa40b5b000 	D:\programfiles\JDK17\application\bin\VCRUNTIME140.dll
0x00007ffa6a730000 - 0x00007ffa6a7e2000 	C:\WINDOWS\System32\ADVAPI32.dll
0x00007ffa693d0000 - 0x00007ffa69477000 	C:\WINDOWS\System32\msvcrt.dll
0x00007ffa69710000 - 0x00007ffa697b9000 	C:\WINDOWS\System32\sechost.dll
0x00007ffa68d10000 - 0x00007ffa68d38000 	C:\WINDOWS\System32\bcrypt.dll
0x00007ffa6a030000 - 0x00007ffa6a144000 	C:\WINDOWS\System32\RPCRT4.dll
0x00007ffa69480000 - 0x00007ffa6962e000 	C:\WINDOWS\System32\USER32.dll
0x00007ffa52af0000 - 0x00007ffa52d83000 	C:\WINDOWS\WinSxS\amd64_microsoft.windows.common-controls_6595b64144ccf1df_6.0.22621.3672_none_2713b9d173822955\COMCTL32.dll
0x00007ffa691d0000 - 0x00007ffa691f6000 	C:\WINDOWS\System32\win32u.dll
0x00007ffa6a810000 - 0x00007ffa6a839000 	C:\WINDOWS\System32\GDI32.dll
0x00007ffa69010000 - 0x00007ffa69129000 	C:\WINDOWS\System32\gdi32full.dll
0x00007ffa69130000 - 0x00007ffa691ca000 	C:\WINDOWS\System32\msvcp_win.dll
0x00007ffa60190000 - 0x00007ffa6019a000 	C:\WINDOWS\SYSTEM32\VERSION.dll
0x00007ffa69630000 - 0x00007ffa69661000 	C:\WINDOWS\System32\IMM32.DLL
0x00007ffa4b260000 - 0x00007ffa4b26c000 	D:\programfiles\JDK17\application\bin\vcruntime140_1.dll
0x00007ffa286b0000 - 0x00007ffa2873e000 	D:\programfiles\JDK17\application\bin\msvcp140.dll
0x00007ffa1db90000 - 0x00007ffa1e770000 	D:\programfiles\JDK17\application\bin\server\jvm.dll
0x00007ffa692f0000 - 0x00007ffa692f8000 	C:\WINDOWS\System32\PSAPI.DLL
0x00007ffa65330000 - 0x00007ffa65339000 	C:\WINDOWS\SYSTEM32\WSOCK32.dll
0x00007ffa63ab0000 - 0x00007ffa63ae4000 	C:\WINDOWS\SYSTEM32\WINMM.dll
0x00007ffa69670000 - 0x00007ffa696e1000 	C:\WINDOWS\System32\WS2_32.dll
0x00007ffa678d0000 - 0x00007ffa678e8000 	C:\WINDOWS\SYSTEM32\kernel.appcore.dll
0x00007ffa4a710000 - 0x00007ffa4a71a000 	D:\programfiles\JDK17\application\bin\jimage.dll
0x00007ffa664a0000 - 0x00007ffa666d2000 	C:\WINDOWS\SYSTEM32\DBGHELP.DLL
0x00007ffa6ab40000 - 0x00007ffa6aecd000 	C:\WINDOWS\System32\combase.dll
0x00007ffa6b0d0000 - 0x00007ffa6b1a7000 	C:\WINDOWS\System32\OLEAUT32.dll
0x00007ffa5e560000 - 0x00007ffa5e592000 	C:\WINDOWS\SYSTEM32\dbgcore.DLL
0x00007ffa68d40000 - 0x00007ffa68dbb000 	C:\WINDOWS\System32\bcryptPrimitives.dll
0x00007ffa55e30000 - 0x00007ffa55e3e000 	D:\programfiles\JDK17\application\bin\instrument.dll
0x00007ffa3b8e0000 - 0x00007ffa3b905000 	D:\programfiles\JDK17\application\bin\java.dll

dbghelp: loaded successfully - version: 4.0.5 - missing functions: none
symbol engine: initialized successfully - sym options: 0x614 - pdb path: .;D:\programfiles\JDK17\application\bin;C:\WINDOWS\SYSTEM32;C:\WINDOWS\WinSxS\amd64_microsoft.windows.common-controls_6595b64144ccf1df_6.0.22621.3672_none_2713b9d173822955;D:\programfiles\JDK17\application\bin\server

VM Arguments:
jvm_args: -Dvisualvm.id=274280681081900 -XX:TieredStopAtLevel=1 -Dspring.output.ansi.enabled=always -Dcom.sun.management.jmxremote -Dspring.jmx.enabled=true -Dspring.liveBeansView.mbeanDomain -Dspring.application.admin.enabled=true -Dmanagement.endpoints.jmx.exposure.include=* -javaagent:D:\programfiles\IDEA2021\application\IntelliJ IDEA 2023.1\lib\idea_rt.jar=56899:D:\programfiles\IDEA2021\application\IntelliJ IDEA 2023.1\bin -Dfile.encoding=UTF-8 
java_command: com.lin.backend_test.BackendTestApplication
java_class_path (initial): D:\Master\projects\pre_exercise\backend_test\target\classes;D:\software\maven\maven-repository\org\springframework\boot\spring-boot-starter-web\3.3.2\spring-boot-starter-web-3.3.2.jar;D:\software\maven\maven-repository\org\springframework\boot\spring-boot-starter\3.3.2\spring-boot-starter-3.3.2.jar;D:\software\maven\maven-repository\org\springframework\boot\spring-boot\3.3.2\spring-boot-3.3.2.jar;D:\software\maven\maven-repository\org\springframework\boot\spring-boot-starter-logging\3.3.2\spring-boot-starter-logging-3.3.2.jar;D:\software\maven\maven-repository\ch\qos\logback\logback-classic\1.5.6\logback-classic-1.5.6.jar;D:\software\maven\maven-repository\ch\qos\logback\logback-core\1.5.6\logback-core-1.5.6.jar;D:\software\maven\maven-repository\org\apache\logging\log4j\log4j-to-slf4j\2.23.1\log4j-to-slf4j-2.23.1.jar;D:\software\maven\maven-repository\org\apache\logging\log4j\log4j-api\2.23.1\log4j-api-2.23.1.jar;D:\software\maven\maven-repository\org\slf4j\jul-to-slf4j\2.0.13\jul-to-slf4j-2.0.13.jar;D:\software\maven\maven-repository\jakarta\annotation\jakarta.annotation-api\2.1.1\jakarta.annotation-api-2.1.1.jar;D:\software\maven\maven-repository\org\yaml\snakeyaml\2.2\snakeyaml-2.2.jar;D:\software\maven\maven-repository\org\springframework\boot\spring-boot-starter-json\3.3.2\spring-boot-starter-json-3.3.2.jar;D:\software\maven\maven-repository\com\fasterxml\jackson\core\jackson-databind\2.17.2\jackson-databind-2.17.2.jar;D:\software\maven\maven-repository\com\fasterxml\jackson\core\jackson-annotations\2.17.2\jackson-annotations-2.17.2.jar;D:\software\maven\maven-repository\com\fasterxml\jackson\core\jackson-core\2.17.2\jackson-core-2.17.2.jar;D:\software\maven\maven-repository\com\fasterxml\jackson\datatype\jackson-datatype-jdk8\2.17.2\jackson-datatype-jdk8-2.17.2.jar;D:\software\maven\maven-repository\com\fasterxml\jackson\datatype\jackson-datatype-jsr310\2.17.2\jackson-datatype-jsr310-2.17.2.jar;D:\software\maven\maven-repository\c
Launcher Type: SUN_STANDARD

[Global flags]
     intx CICompilerCount                          = 4                                         {product} {ergonomic}
     uint ConcGCThreads                            = 3                                         {product} {ergonomic}
     uint G1ConcRefinementThreads                  = 10                                        {product} {ergonomic}
   size_t G1HeapRegionSize                         = 1048576                                   {product} {ergonomic}
    uintx GCDrainStackTargetSize                   = 64                                        {product} {ergonomic}
   size_t InitialHeapSize                          = 132120576                                 {product} {ergonomic}
     bool ManagementServer                         = true                                      {product} {command line}
   size_t MarkStackSize                            = 4194304                                   {product} {ergonomic}
   size_t MaxHeapSize                              = 2101346304                                {product} {ergonomic}
   size_t MinHeapDeltaBytes                        = 1048576                                   {product} {ergonomic}
   size_t MinHeapSize                              = 8388608                                   {product} {ergonomic}
    uintx NonProfiledCodeHeapSize                  = 0                                      {pd product} {ergonomic}
     bool ProfileInterpreter                       = false                                  {pd product} {command line}
    uintx ProfiledCodeHeapSize                     = 0                                      {pd product} {ergonomic}
   size_t SoftMaxHeapSize                          = 2101346304                             {manageable} {ergonomic}
     intx TieredStopAtLevel                        = 1                                         {product} {command line}
     bool UseCompressedClassPointers               = true                           {product lp64_product} {ergonomic}
     bool UseCompressedOops                        = true                           {product lp64_product} {ergonomic}
     bool UseG1GC                                  = true                                      {product} {ergonomic}
     bool UseLargePagesIndividualAllocation        = false                                  {pd product} {ergonomic}

Logging:
Log output configuration:
 #0: stdout all=warning uptime,level,tags
 #1: stderr all=off uptime,level,tags

Environment Variables:
JAVA_HOME=D:\programfiles\JDK17\application
PATH=D:\programfiles\JDK17\application\bin;C:\Program Files\Common Files\Oracle\Java\javapath;C:\Windows\system32;C:\Windows;C:\Windows\System32\Wbem;C:\Windows\System32\WindowsPowerShell\v1.0\;C:\Windows\System32\OpenSSH\;C:\Program Files (x86)\NVIDIA Corporation\PhysX\Common;C:\Program Files\NVIDIA Corporation\NVIDIA NvDLISR;C:\WINDOWS\system32;C:\WINDOWS;C:\WINDOWS\System32\Wbem;C:\WINDOWS\System32\WindowsPowerShell\v1.0\;C:\WINDOWS\System32\OpenSSH\;D:\programfiles\mysql\application\bin;D:\programfiles\nodejs\application;D:\programfiles\nodejs\application\node_global;D:\programfiles\gcc\application\mingw64\bin;D:\programfiles\git\application\Git\cmd;C:\Program Files (x86)\Windows Kits\10\Windows Performance Toolkit\;C:\Users\17875\AppData\Local\Microsoft\WindowsApps;D:\programfiles\IDEA2021\application\IntelliJ IDEA 2023.1\bin;;D:\programfiles\pycharm\application\PyCharm 2023.1\bin;;D:\programfiles\vscode\application\Microsoft VS Code\bin;D:\programfiles\CLion\application\CLion 2023.1.1\bin;;D:\programfiles\nodejs\application\node_global;
USERNAME=lin
OS=Windows_NT
PROCESSOR_IDENTIFIER=Intel64 Family 6 Model 165 Stepping 2, GenuineIntel



---------------  S Y S T E M  ---------------

OS:
 Windows 11 , 64 bit Build 22621 (10.0.22621.3958)
OS uptime: 3 days 4:11 hours
Hyper-V role detected

CPU: total 12 (initial active 12) (6 cores per cpu, 2 threads per core) family 6 model 165 stepping 2 microcode 0xe0, cx8, cmov, fxsr, ht, mmx, 3dnowpref, sse, sse2, sse3, ssse3, sse4.1, sse4.2, popcnt, lzcnt, tsc, tscinvbit, avx, avx2, aes, erms, clmul, bmi1, bmi2, adx, fma, vzeroupper, clflush, clflushopt, hv

Memory: 4k page, system-wide physical 8015M (453M free)
TotalPageFile size 32591M (AvailPageFile size 29M)
current process WorkingSet (physical memory assigned to process): 11M, peak: 11M
current process commit charge ("private bytes"): 59M, peak: 185M

vm_info: Java HotSpot(TM) 64-Bit Server VM (17.0.11+7-LTS-207) for windows-amd64 JRE (17.0.11+7-LTS-207), built on Mar 11 2024 19:01:50 by "mach5one" with MS VC++ 17.6 (VS2022)

END.
